<?xml version="1.0" encoding="UTF-8"?>
<!-- Generated by org.testng.reporters.JUnitReportReporter -->
<testsuite hostname="LPCH-5CD7342X0S" failures="0" tests="2" name="com.pack.common.tests.NewCDIConsumablesTest" time="183.508" errors="0" timestamp="13 Dec 2022 04:57:25 GMT" skipped="0">
  <testcase classname="com.pack.common.tests.NewCDIConsumablesTest" name="CDIconsumablesoverviewpage" time="26.983"/>
  <testcase classname="com.pack.common.tests.NewCDIConsumablesTest" name="RegistereduserCDIprodcuctbuywithInvalidCreditcard" time="156.525"/>
</testsuite> <!-- com.pack.common.tests.NewCDIConsumablesTest -->
