<?xml version="1.0" encoding="UTF-8"?>
<!-- Generated by org.testng.reporters.JUnitReportReporter -->
<testsuite skipped="0" hostname="LPCH-5CD7342X0S" name="com.pack.common.tests.EPSMyAccountCloudOrdermanagementTest" tests="1" failures="0" timestamp="16 Nov 2021 08:22:39 GMT" time="96.946" errors="0">
  <testcase name="Cloudsubscriptionoverviewlist" time="96.946" classname="com.pack.common.tests.EPSMyAccountCloudOrdermanagementTest"/>
</testsuite> <!-- com.pack.common.tests.EPSMyAccountCloudOrdermanagementTest -->
