<?xml version="1.0" encoding="UTF-8"?>
<!-- Generated by org.testng.reporters.JUnitReportReporter -->
<testsuite hostname="LPCH-5CD7342X0S" failures="0" tests="1" name="com.pack.common.tests.MyAccountTest" time="102.923" errors="0" timestamp="18 Nov 2022 08:56:08 GMT" skipped="0">
  <testcase classname="com.pack.common.tests.MyAccountTest" name="Membershipupdates" time="102.923"/>
</testsuite> <!-- com.pack.common.tests.MyAccountTest -->
