<?xml version="1.0" encoding="UTF-8"?>
<!-- Generated by org.testng.reporters.JUnitReportReporter -->
<testsuite skipped="1" hostname="LPCH-5CD7342X0S" name="com.pack.common.tests.SignInPageTest" tests="1" failures="0" timestamp="22 Feb 2021 07:25:39 GMT" time="1.009" errors="0">
  <testcase name="verifySignInFunction" time="1.009" classname="com.pack.common.tests.SignInPageTest">
    <skipped/>
  </testcase> <!-- verifySignInFunction -->
</testsuite> <!-- com.pack.common.tests.SignInPageTest -->
