<?xml version="1.0" encoding="UTF-8"?>
<!-- Generated by org.testng.reporters.JUnitReportReporter -->
<testsuite hostname="LPCH-5CD7342X0S" failures="0" tests="7" name="com.pack.common.tests.MyAccountordermanagementverificationTest" time="1460.039" errors="0" timestamp="09 Jan 2023 10:11:40 GMT" skipped="0">
  <testcase classname="com.pack.common.tests.MyAccountordermanagementverificationTest" name="Changecontactpersonverfication" time="165.112"/>
  <testcase classname="com.pack.common.tests.MyAccountordermanagementverificationTest" name="ChangepaymentoptionfromCCtoCCverfication" time="197.687"/>
  <testcase classname="com.pack.common.tests.MyAccountordermanagementverificationTest" name="ChangepaymentoptionfromCCtoNewCCverfication" time="205.077"/>
  <testcase classname="com.pack.common.tests.MyAccountordermanagementverificationTest" name="ChangepaymentoptionfromCCtoInvoiceverfication" time="212.026"/>
  <testcase classname="com.pack.common.tests.MyAccountordermanagementverificationTest" name="CancelLicenseVerification" time="218.353"/>
  <testcase classname="com.pack.common.tests.MyAccountordermanagementverificationTest" name="UpgradeLicenseVerification" time="231.256"/>
  <testcase classname="com.pack.common.tests.MyAccountordermanagementverificationTest" name="SeatIncreaseVerification" time="230.528"/>
</testsuite> <!-- com.pack.common.tests.MyAccountordermanagementverificationTest -->
