<?xml version="1.0" encoding="UTF-8"?>
<!-- Generated by org.testng.reporters.JUnitReportReporter -->
<testsuite skipped="0" hostname="LPCH-5CD7342X0S" name="com.pack.common.tests.CDIconsumablesTest" tests="2" failures="0" timestamp="16 Apr 2021 04:34:52 GMT" time="288.421" errors="0">
  <testcase name="CDIconsumablesoverviewpage" time="51.404" classname="com.pack.common.tests.CDIconsumablesTest"/>
  <testcase name="RegistereduserCDIprodcuctbuywithInvalidCreditcard" time="237.017" classname="com.pack.common.tests.CDIconsumablesTest"/>
</testsuite> <!-- com.pack.common.tests.CDIconsumablesTest -->
