<?xml version="1.0" encoding="UTF-8"?>
<!-- Generated by org.testng.reporters.JUnitReportReporter -->
<testsuite hostname="LPCH-5CD7342X0S" failures="0" tests="7" name="com.pack.common.tests.MyAccountOrdermanagementTest" time="1395.596" errors="0" timestamp="09 Jan 2023 08:44:44 GMT" skipped="0">
  <testcase classname="com.pack.common.tests.MyAccountOrdermanagementTest" name="ChangepaymentoptionfromCCtoNewcard" time="173.132"/>
  <testcase classname="com.pack.common.tests.MyAccountOrdermanagementTest" name="ChangepaymentoptionfromCCtoInvoice" time="208.370"/>
  <testcase classname="com.pack.common.tests.MyAccountOrdermanagementTest" name="ChangepaymentoptionfromCCtoinvoicenotpossibleforpermonthproduct" time="193.856"/>
  <testcase classname="com.pack.common.tests.MyAccountOrdermanagementTest" name="CancelSubscription" time="193.688"/>
  <testcase classname="com.pack.common.tests.MyAccountOrdermanagementTest" name="UpgradeLicense" time="205.279"/>
  <testcase classname="com.pack.common.tests.MyAccountOrdermanagementTest" name="DowngradeLicense" time="214.217"/>
  <testcase classname="com.pack.common.tests.MyAccountOrdermanagementTest" name="SeatIncrease" time="207.054"/>
</testsuite> <!-- com.pack.common.tests.MyAccountOrdermanagementTest -->
