<?xml version="1.0" encoding="UTF-8"?>
<!-- Generated by org.testng.reporters.JUnitReportReporter -->
<testsuite skipped="0" hostname="LPCH-5CD7342X0S" name="com.pack.common.tests.LegacyKBCheckoutPageTest" tests="2" failures="0" timestamp="11 Mar 2021 08:45:59 GMT" time="561.604" errors="0">
  <testcase name="Buyunderlaywithinvalidserialnumber" time="214.745" classname="com.pack.common.tests.LegacyKBCheckoutPageTest"/>
  <testcase name="BuyKBproductwithexistingcustomerwithmastercardandotp" time="346.859" classname="com.pack.common.tests.LegacyKBCheckoutPageTest"/>
</testsuite> <!-- com.pack.common.tests.LegacyKBCheckoutPageTest -->
