<?xml version="1.0" encoding="UTF-8"?>
<!-- Generated by org.testng.reporters.JUnitReportReporter -->
<testsuite hostname="LPCH-5CD7342X0S" failures="1" tests="10" name="com.pack.common.tests.EPSMyAccountSubscriptionOrdermanagementTest" time="1212.766" errors="0" timestamp="16 Nov 2022 10:52:34 GMT" skipped="0">
  <testcase classname="com.pack.common.tests.EPSMyAccountSubscriptionOrdermanagementTest" name="Subscriptionoverviewlist" time="100.478"/>
  <testcase classname="com.pack.common.tests.EPSMyAccountSubscriptionOrdermanagementTest" name="Includeexpiredlicenses" time="140.413"/>
  <testcase classname="com.pack.common.tests.EPSMyAccountSubscriptionOrdermanagementTest" name="Onlyshowunassignedlicenses" time="119.955"/>
  <testcase classname="com.pack.common.tests.EPSMyAccountSubscriptionOrdermanagementTest" name="Onlyshowlicensesassignedtospecificemailaddress" time="120.111"/>
  <testcase classname="com.pack.common.tests.EPSMyAccountSubscriptionOrdermanagementTest" name="OnlyshowlicensesassignedtospecificProjectreferencenumber" time="118.406"/>
  <testcase classname="com.pack.common.tests.EPSMyAccountSubscriptionOrdermanagementTest" name="Onlyshowlicenseslinkedtoordernumber" time="116.133"/>
  <testcase classname="com.pack.common.tests.EPSMyAccountSubscriptionOrdermanagementTest" name="Onlyshowlicensesofproductwithproductname" time="118.093"/>
  <testcase classname="com.pack.common.tests.EPSMyAccountSubscriptionOrdermanagementTest" name="Addprojectreferencenumberinurlandverifyfiltereddata" time="122.719"/>
  <testcase classname="com.pack.common.tests.EPSMyAccountSubscriptionOrdermanagementTest" name="Addordernumberinurlandverifyfiltereddata" time="119.971"/>
  <testcase classname="com.pack.common.tests.EPSMyAccountSubscriptionOrdermanagementTest" name="Cancellicense" time="136.487">
    <failure message="Subscription not cancelled" type="java.lang.AssertionError">
      <![CDATA[java.lang.AssertionError: Subscription not cancelled
at org.testng.Assert.fail(Assert.java:96)
at com.pack.common.pageobjects.EPSMyAccountSubscriptionOrdermanagementPage.Cancellicense(EPSMyAccountSubscriptionOrdermanagementPage.java:493)
at com.pack.common.tests.EPSMyAccountSubscriptionOrdermanagementTest.Cancellicense(EPSMyAccountSubscriptionOrdermanagementTest.java:144)
at java.base/jdk.internal.reflect.NativeMethodAccessorImpl.invoke0(Native Method)
at java.base/jdk.internal.reflect.NativeMethodAccessorImpl.invoke(NativeMethodAccessorImpl.java:77)
at java.base/jdk.internal.reflect.DelegatingMethodAccessorImpl.invoke(DelegatingMethodAccessorImpl.java:43)
at java.base/java.lang.reflect.Method.invoke(Method.java:568)
at org.testng.internal.MethodInvocationHelper.invokeMethod(MethodInvocationHelper.java:124)
at org.testng.internal.Invoker.invokeMethod(Invoker.java:580)
at org.testng.internal.Invoker.invokeTestMethod(Invoker.java:716)
at org.testng.internal.Invoker.invokeTestMethods(Invoker.java:988)
at org.testng.internal.TestMethodWorker.invokeTestMethods(TestMethodWorker.java:125)
at org.testng.internal.TestMethodWorker.run(TestMethodWorker.java:109)
at org.testng.TestRunner.privateRun(TestRunner.java:648)
at org.testng.TestRunner.run(TestRunner.java:505)
at org.testng.SuiteRunner.runTest(SuiteRunner.java:455)
at org.testng.SuiteRunner.runSequentially(SuiteRunner.java:450)
at org.testng.SuiteRunner.privateRun(SuiteRunner.java:415)
at org.testng.SuiteRunner.run(SuiteRunner.java:364)
at org.testng.SuiteRunnerWorker.runSuite(SuiteRunnerWorker.java:52)
at org.testng.SuiteRunnerWorker.run(SuiteRunnerWorker.java:84)
at org.testng.TestNG.runSuitesSequentially(TestNG.java:1208)
at org.testng.TestNG.runSuitesSequentially(TestNG.java:1204)
at org.testng.TestNG.runSuitesLocally(TestNG.java:1137)
at org.testng.TestNG.runSuites(TestNG.java:1049)
at org.testng.TestNG.run(TestNG.java:1017)
at org.testng.remote.AbstractRemoteTestNG.run(AbstractRemoteTestNG.java:114)
at org.testng.remote.RemoteTestNG.initAndRun(RemoteTestNG.java:251)
at org.testng.remote.RemoteTestNG.main(RemoteTestNG.java:77)
]]>
    </failure>
  </testcase> <!-- Cancellicense -->
</testsuite> <!-- com.pack.common.tests.EPSMyAccountSubscriptionOrdermanagementTest -->
