<?xml version="1.0" encoding="UTF-8"?>
<!-- Generated by org.testng.reporters.JUnitReportReporter -->
<testsuite skipped="0" hostname="LPCH-5CD7342X0S" name="com.pack.common.tests.SubscriptionCheckoutPageTest" tests="1" failures="0" timestamp="26 Jul 2022 06:13:58 GMT" time="125.738" errors="0">
  <testcase name="CurrencyVerificationforUSCustomers" time="125.738" classname="com.pack.common.tests.SubscriptionCheckoutPageTest"/>
</testsuite> <!-- com.pack.common.tests.SubscriptionCheckoutPageTest -->
