<?xml version="1.0" encoding="UTF-8"?>
<!-- Generated by org.testng.reporters.JUnitReportReporter -->
<testsuite hostname="LPCH-5CD7342X0S" failures="0" tests="1" name="com.pack.common.tests.NewCDICheckoutPageTest" time="165.142" errors="0" timestamp="15 Nov 2022 11:25:56 GMT" skipped="0">
  <testcase classname="com.pack.common.tests.NewCDICheckoutPageTest" name="BuyanCDIproductwithNewCreditcardPaymentmethodforUSuser" time="165.142"/>
</testsuite> <!-- com.pack.common.tests.NewCDICheckoutPageTest -->
