<?xml version="1.0" encoding="UTF-8"?>
<!-- Generated by org.testng.reporters.JUnitReportReporter -->
<testsuite skipped="0" hostname="LPCH-5CD7342X0S" name="com.pack.common.tests.KongsbergbitsTest" tests="8" failures="0" timestamp="19 Jan 2021 06:23:42 GMT" time="116.696" errors="0">
  <testcase name="Kongsbergbitsoverviewpage" time="24.217" classname="com.pack.common.tests.KongsbergbitsTest"/>
  <testcase name="knifebladeseSubcategory" time="17.841" classname="com.pack.common.tests.KongsbergbitsTest"/>
  <testcase name="productlistpage" time="20.067" classname="com.pack.common.tests.KongsbergbitsTest"/>
  <testcase name="Showrequirements" time="11.109" classname="com.pack.common.tests.KongsbergbitsTest"/>
  <testcase name="Showproductdetails" time="8.945" classname="com.pack.common.tests.KongsbergbitsTest"/>
  <testcase name="Searchproductwithproductcode" time="13.968" classname="com.pack.common.tests.KongsbergbitsTest"/>
  <testcase name="Searchproductwithproductname" time="8.154" classname="com.pack.common.tests.KongsbergbitsTest"/>
  <testcase name="Compare2products" time="12.395" classname="com.pack.common.tests.KongsbergbitsTest"/>
</testsuite> <!-- com.pack.common.tests.KongsbergbitsTest -->
