<?xml version="1.0" encoding="UTF-8"?>
<!-- Generated by org.testng.reporters.JUnitReportReporter -->
<testsuite skipped="0" hostname="LPCH-5CD7342X0S" name="com.pack.common.tests.MyAccountHardwareOrdermanagementTest" tests="29" failures="0" timestamp="05 May 2022 12:08:59 GMT" time="881.807" errors="0">
  <testcase name="MyAccountHardwareOrdermanagementverificationTest" time="115.962" classname="com.pack.common.tests.MyAccountHardwareOrdermanagementTest"/>
  <testcase name="MyAccountHardwareOrdermanagementverificationTest" time="5.014" classname="com.pack.common.tests.MyAccountHardwareOrdermanagementTest"/>
  <testcase name="MyAccountHardwareOrdermanagementverificationTest" time="105.854" classname="com.pack.common.tests.MyAccountHardwareOrdermanagementTest"/>
  <testcase name="MyAccountHardwareOrdermanagementverificationTest" time="5.017" classname="com.pack.common.tests.MyAccountHardwareOrdermanagementTest"/>
  <testcase name="MyAccountHardwareOrdermanagementverificationTest" time="5.046" classname="com.pack.common.tests.MyAccountHardwareOrdermanagementTest"/>
  <testcase name="MyAccountHardwareOrdermanagementverificationTest" time="5.013" classname="com.pack.common.tests.MyAccountHardwareOrdermanagementTest"/>
  <testcase name="MyAccountHardwareOrdermanagementverificationTest" time="5.006" classname="com.pack.common.tests.MyAccountHardwareOrdermanagementTest"/>
  <testcase name="MyAccountHardwareOrdermanagementverificationTest" time="5.002" classname="com.pack.common.tests.MyAccountHardwareOrdermanagementTest"/>
  <testcase name="MyAccountHardwareOrdermanagementverificationTest" time="5.017" classname="com.pack.common.tests.MyAccountHardwareOrdermanagementTest"/>
  <testcase name="MyAccountHardwareOrdermanagementverificationTest" time="5.005" classname="com.pack.common.tests.MyAccountHardwareOrdermanagementTest"/>
  <testcase name="MyAccountHardwareOrdermanagementverificationTest" time="5.008" classname="com.pack.common.tests.MyAccountHardwareOrdermanagementTest"/>
  <testcase name="MyAccountHardwareOrdermanagementverificationTest" time="5.012" classname="com.pack.common.tests.MyAccountHardwareOrdermanagementTest"/>
  <testcase name="MyAccountHardwareOrdermanagementverificationTest" time="106.050" classname="com.pack.common.tests.MyAccountHardwareOrdermanagementTest"/>
  <testcase name="MyAccountHardwareOrdermanagementverificationTest" time="5.013" classname="com.pack.common.tests.MyAccountHardwareOrdermanagementTest"/>
  <testcase name="MyAccountHardwareOrdermanagementverificationTest" time="5.006" classname="com.pack.common.tests.MyAccountHardwareOrdermanagementTest"/>
  <testcase name="MyAccountHardwareOrdermanagementverificationTest" time="106.905" classname="com.pack.common.tests.MyAccountHardwareOrdermanagementTest"/>
  <testcase name="MyAccountHardwareOrdermanagementverificationTest" time="5.013" classname="com.pack.common.tests.MyAccountHardwareOrdermanagementTest"/>
  <testcase name="MyAccountHardwareOrdermanagementverificationTest" time="5.020" classname="com.pack.common.tests.MyAccountHardwareOrdermanagementTest"/>
  <testcase name="MyAccountHardwareOrdermanagementverificationTest" time="109.815" classname="com.pack.common.tests.MyAccountHardwareOrdermanagementTest"/>
  <testcase name="MyAccountHardwareOrdermanagementverificationTest" time="5.001" classname="com.pack.common.tests.MyAccountHardwareOrdermanagementTest"/>
  <testcase name="MyAccountHardwareOrdermanagementverificationTest" time="5.009" classname="com.pack.common.tests.MyAccountHardwareOrdermanagementTest"/>
  <testcase name="MyAccountHardwareOrdermanagementverificationTest" time="5.014" classname="com.pack.common.tests.MyAccountHardwareOrdermanagementTest"/>
  <testcase name="MyAccountHardwareOrdermanagementverificationTest" time="114.779" classname="com.pack.common.tests.MyAccountHardwareOrdermanagementTest"/>
  <testcase name="MyAccountHardwareOrdermanagementverificationTest" time="5.005" classname="com.pack.common.tests.MyAccountHardwareOrdermanagementTest"/>
  <testcase name="MyAccountHardwareOrdermanagementverificationTest" time="5.003" classname="com.pack.common.tests.MyAccountHardwareOrdermanagementTest"/>
  <testcase name="MyAccountHardwareOrdermanagementverificationTest" time="5.011" classname="com.pack.common.tests.MyAccountHardwareOrdermanagementTest"/>
  <testcase name="MyAccountHardwareOrdermanagementverificationTest" time="5.008" classname="com.pack.common.tests.MyAccountHardwareOrdermanagementTest"/>
  <testcase name="MyAccountHardwareOrdermanagementverificationTest" time="5.013" classname="com.pack.common.tests.MyAccountHardwareOrdermanagementTest"/>
  <testcase name="MyAccountHardwareOrdermanagementverificationTest" time="112.186" classname="com.pack.common.tests.MyAccountHardwareOrdermanagementTest"/>
</testsuite> <!-- com.pack.common.tests.MyAccountHardwareOrdermanagementTest -->
