<?xml version="1.0" encoding="UTF-8"?>
<!-- Generated by org.testng.reporters.JUnitReportReporter -->
<testsuite skipped="0" hostname="LPCH-5CD7342X0S" name="com.pack.common.tests.LegacyCDICheckoutPageTest" tests="6" failures="0" timestamp="18 Mar 2021 07:35:36 GMT" time="1568.886" errors="0">
  <testcase name="RegistereduserKBprodcuctbuywithInvoice" time="201.399" classname="com.pack.common.tests.LegacyCDICheckoutPageTest"/>
  <testcase name="RegistereduserCDIprodcuctbuywithNewCreditcard" time="271.285" classname="com.pack.common.tests.LegacyCDICheckoutPageTest"/>
  <testcase name="RegistereduserCDIprodcuctbuywithExistingCreditcard1" time="273.856" classname="com.pack.common.tests.LegacyCDICheckoutPageTest"/>
  <testcase name="RegistereduserCDIprodcuctbuywithExistingCreditcard2" time="277.703" classname="com.pack.common.tests.LegacyCDICheckoutPageTest"/>
  <testcase name="RegistereduserCDIprodcuctbuywithExistingCreditcard3" time="271.913" classname="com.pack.common.tests.LegacyCDICheckoutPageTest"/>
  <testcase name="RegistereduserCDIprodcuctbuywithExistingCreditcard4" time="272.730" classname="com.pack.common.tests.LegacyCDICheckoutPageTest"/>
</testsuite> <!-- com.pack.common.tests.LegacyCDICheckoutPageTest -->
